<?xml version="1.0" encoding="UTF-8"?>
<testng-results ignored="0" total="3" passed="3" failed="0" skipped="0">
  <reporter-output>
  </reporter-output>
  <suite started-at="2026-05-23T10:25:35 IST" name="Default suite" finished-at="2026-05-23T10:26:14 IST" duration-ms="38929">
    <groups>
    </groups>
    <test started-at="2026-05-23T10:25:35 IST" name="Default test" finished-at="2026-05-23T10:26:14 IST" duration-ms="38929">
      <class name="sdet_selenium_day_25.SauceDemoLoginTest">
        <test-method is-config="true" signature="setUp()[pri:0, instance:sdet_selenium_day_25.SauceDemoLoginTest@1573f9fc]" started-at="2026-05-23T10:25:36 IST" name="setUp" finished-at="2026-05-23T10:25:48 IST" duration-ms="11927" status="PASS">
          <reporter-output>
          </reporter-output>
        </test-method> <!-- setUp -->
        <test-method signature="testMultipleLogins(java.lang.String,java.lang.String)[pri:0, instance:sdet_selenium_day_25.SauceDemoLoginTest@1573f9fc]" started-at="2026-05-23T10:25:48 IST" name="testMultipleLogins" data-provider="loginData" finished-at="2026-05-23T10:25:52 IST" duration-ms="4870" status="PASS">
          <params>
            <param index="0">
              <value>
                <![CDATA[admin]]>
              </value>
            </param>
            <param index="1">
              <value>
                <![CDATA[admin123]]>
              </value>
            </param>
          </params>
          <reporter-output>
          </reporter-output>
        </test-method> <!-- testMultipleLogins -->
        <test-method is-config="true" signature="tearDown()[pri:0, instance:sdet_selenium_day_25.SauceDemoLoginTest@1573f9fc]" started-at="2026-05-23T10:25:52 IST" name="tearDown" finished-at="2026-05-23T10:25:57 IST" duration-ms="4115" status="PASS">
          <reporter-output>
          </reporter-output>
        </test-method> <!-- tearDown -->
        <test-method is-config="true" signature="setUp()[pri:0, instance:sdet_selenium_day_25.SauceDemoLoginTest@1573f9fc]" started-at="2026-05-23T10:25:57 IST" name="setUp" finished-at="2026-05-23T10:26:02 IST" duration-ms="5677" status="PASS">
          <reporter-output>
          </reporter-output>
        </test-method> <!-- setUp -->
        <test-method signature="testMultipleLogins(java.lang.String,java.lang.String)[pri:0, instance:sdet_selenium_day_25.SauceDemoLoginTest@1573f9fc]" started-at="2026-05-23T10:26:02 IST" name="testMultipleLogins" data-provider="loginData" finished-at="2026-05-23T10:26:03 IST" duration-ms="1184" status="PASS">
          <params>
            <param index="0">
              <value>
                <![CDATA[user]]>
              </value>
            </param>
            <param index="1">
              <value>
                <![CDATA[user123]]>
              </value>
            </param>
          </params>
          <reporter-output>
          </reporter-output>
        </test-method> <!-- testMultipleLogins -->
        <test-method is-config="true" signature="tearDown()[pri:0, instance:sdet_selenium_day_25.SauceDemoLoginTest@1573f9fc]" started-at="2026-05-23T10:26:03 IST" name="tearDown" finished-at="2026-05-23T10:26:06 IST" duration-ms="2713" status="PASS">
          <reporter-output>
          </reporter-output>
        </test-method> <!-- tearDown -->
        <test-method is-config="true" signature="setUp()[pri:0, instance:sdet_selenium_day_25.SauceDemoLoginTest@1573f9fc]" started-at="2026-05-23T10:26:06 IST" name="setUp" finished-at="2026-05-23T10:26:10 IST" duration-ms="3568" status="PASS">
          <reporter-output>
          </reporter-output>
        </test-method> <!-- setUp -->
        <test-method signature="testMultipleLogins(java.lang.String,java.lang.String)[pri:0, instance:sdet_selenium_day_25.SauceDemoLoginTest@1573f9fc]" started-at="2026-05-23T10:26:10 IST" name="testMultipleLogins" data-provider="loginData" finished-at="2026-05-23T10:26:12 IST" duration-ms="2361" status="PASS">
          <params>
            <param index="0">
              <value>
                <![CDATA[test]]>
              </value>
            </param>
            <param index="1">
              <value>
                <![CDATA[test123]]>
              </value>
            </param>
          </params>
          <reporter-output>
          </reporter-output>
        </test-method> <!-- testMultipleLogins -->
        <test-method is-config="true" signature="tearDown()[pri:0, instance:sdet_selenium_day_25.SauceDemoLoginTest@1573f9fc]" started-at="2026-05-23T10:26:12 IST" name="tearDown" finished-at="2026-05-23T10:26:14 IST" duration-ms="2304" status="PASS">
          <reporter-output>
          </reporter-output>
        </test-method> <!-- tearDown -->
      </class> <!-- sdet_selenium_day_25.SauceDemoLoginTest -->
    </test> <!-- Default test -->
  </suite> <!-- Default suite -->
</testng-results>
