<?xml version="1.0" encoding="UTF-8"?>
<testng-results ignored="0" total="7" passed="6" failed="1" skipped="0">
  <reporter-output>
  </reporter-output>
  <suite started-at="2026-06-10T16:22:48 IST" name="CompleteAutomationSuite" finished-at="2026-06-10T16:25:58 IST" duration-ms="189667">
    <groups>
    </groups>
    <test started-at="2026-06-10T16:22:48 IST" name="AllTests" finished-at="2026-06-10T16:25:58 IST" duration-ms="189667">
      <class name="tests.TableTest">
        <test-method is-config="true" signature="setup()[pri:0, instance:tests.TableTest@7a8c8dcf]" started-at="2026-06-10T16:24:25 IST" name="setup" finished-at="2026-06-10T16:24:38 IST" duration-ms="12862" status="PASS">
          <reporter-output>
          </reporter-output>
        </test-method> <!-- setup -->
        <test-method signature="verifyTableRows()[pri:0, instance:tests.TableTest@7a8c8dcf]" started-at="2026-06-10T16:24:38 IST" name="verifyTableRows" finished-at="2026-06-10T16:24:38 IST" duration-ms="361" status="PASS">
          <reporter-output>
          </reporter-output>
        </test-method> <!-- verifyTableRows -->
        <test-method is-config="true" signature="tearDown()[pri:0, instance:tests.TableTest@7a8c8dcf]" started-at="2026-06-10T16:24:38 IST" name="tearDown" finished-at="2026-06-10T16:24:41 IST" duration-ms="3367" status="PASS">
          <reporter-output>
          </reporter-output>
        </test-method> <!-- tearDown -->
      </class> <!-- tests.TableTest -->
      <class name="tests.UploadTest">
        <test-method is-config="true" signature="setup()[pri:0, instance:tests.UploadTest@24269709]" started-at="2026-06-10T16:24:41 IST" name="setup" finished-at="2026-06-10T16:24:56 IST" duration-ms="14458" status="PASS">
          <reporter-output>
          </reporter-output>
        </test-method> <!-- setup -->
        <test-method signature="verifyFileUpload()[pri:0, instance:tests.UploadTest@24269709]" started-at="2026-06-10T16:24:56 IST" name="verifyFileUpload" finished-at="2026-06-10T16:24:57 IST" duration-ms="941" status="PASS">
          <reporter-output>
          </reporter-output>
        </test-method> <!-- verifyFileUpload -->
        <test-method is-config="true" signature="tearDown()[pri:0, instance:tests.UploadTest@24269709]" started-at="2026-06-10T16:24:57 IST" name="tearDown" finished-at="2026-06-10T16:25:04 IST" duration-ms="6882" status="PASS">
          <reporter-output>
          </reporter-output>
        </test-method> <!-- tearDown -->
      </class> <!-- tests.UploadTest -->
      <class name="tests.ActionsTest">
        <test-method is-config="true" signature="setup()[pri:0, instance:tests.ActionsTest@2aceadd4]" started-at="2026-06-10T16:25:04 IST" name="setup" finished-at="2026-06-10T16:25:12 IST" duration-ms="8095" status="PASS">
          <reporter-output>
          </reporter-output>
        </test-method> <!-- setup -->
        <test-method signature="verifyActions()[pri:0, instance:tests.ActionsTest@2aceadd4]" started-at="2026-06-10T16:25:12 IST" name="verifyActions" finished-at="2026-06-10T16:25:23 IST" duration-ms="11761" status="FAIL">
          <exception class="org.openqa.selenium.JavascriptException">
            <message>
              <![CDATA[javascript error: Cannot read properties of null (reading 'scrollIntoView')
  (Session info: chrome=148.0.7778.217)
Build info: version: '4.21.0', revision: '79ed462ef4'
System info: os.name: 'Windows 10', os.arch: 'amd64', os.version: '10.0', java.version: '21.0.10'
Driver info: org.openqa.selenium.chrome.ChromeDriver
Command: [ef47aa0e0b395d1dca48d9d2bbad49f8, executeScript {args=[null], script=arguments[0].scrollIntoView({block:'center'});}]
Capabilities {acceptInsecureCerts: false, browserName: chrome, browserVersion: 148.0.7778.217, chrome: {chromedriverVersion: 148.0.7778.178 (d096af1c9e9..., userDataDir: C:\Users\Lenovo\AppData\Loc...}, fedcm:accounts: true, goog:chromeOptions: {debuggerAddress: localhost:58139}, goog:processID: 17484, networkConnectionEnabled: false, pageLoadStrategy: normal, platformName: windows, proxy: Proxy(), se:cdp: ws://localhost:58139/devtoo..., se:cdpVersion: 148.0.7778.217, setWindowRect: true, strictFileInteractability: false, timeouts: {implicit: 0, pageLoad: 300000, script: 30000}, unhandledPromptBehavior: dismiss and notify, webauthn:extension:credBlob: true, webauthn:extension:largeBlob: true, webauthn:extension:minPinLength: true, webauthn:extension:prf: true, webauthn:virtualAuthenticators: true}
Session ID: ef47aa0e0b395d1dca48d9d2bbad49f8]]>
            </message>
            <full-stacktrace>
              <![CDATA[org.openqa.selenium.JavascriptException: javascript error: Cannot read properties of null (reading 'scrollIntoView')
  (Session info: chrome=148.0.7778.217)
Build info: version: '4.21.0', revision: '79ed462ef4'
System info: os.name: 'Windows 10', os.arch: 'amd64', os.version: '10.0', java.version: '21.0.10'
Driver info: org.openqa.selenium.chrome.ChromeDriver
Command: [ef47aa0e0b395d1dca48d9d2bbad49f8, executeScript {args=[null], script=arguments[0].scrollIntoView({block:'center'});}]
Capabilities {acceptInsecureCerts: false, browserName: chrome, browserVersion: 148.0.7778.217, chrome: {chromedriverVersion: 148.0.7778.178 (d096af1c9e9..., userDataDir: C:\Users\Lenovo\AppData\Loc...}, fedcm:accounts: true, goog:chromeOptions: {debuggerAddress: localhost:58139}, goog:processID: 17484, networkConnectionEnabled: false, pageLoadStrategy: normal, platformName: windows, proxy: Proxy(), se:cdp: ws://localhost:58139/devtoo..., se:cdpVersion: 148.0.7778.217, setWindowRect: true, strictFileInteractability: false, timeouts: {implicit: 0, pageLoad: 300000, script: 30000}, unhandledPromptBehavior: dismiss and notify, webauthn:extension:credBlob: true, webauthn:extension:largeBlob: true, webauthn:extension:minPinLength: true, webauthn:extension:prf: true, webauthn:virtualAuthenticators: true}
Session ID: ef47aa0e0b395d1dca48d9d2bbad49f8
at java.base/jdk.internal.reflect.DirectConstructorHandleAccessor.newInstance(DirectConstructorHandleAccessor.java:62)
at java.base/java.lang.reflect.Constructor.newInstanceWithCaller(Constructor.java:502)
at java.base/java.lang.reflect.Constructor.newInstance(Constructor.java:486)
at org.openqa.selenium.remote.ErrorCodec.decode(ErrorCodec.java:167)
at org.openqa.selenium.remote.codec.w3c.W3CHttpResponseCodec.decode(W3CHttpResponseCodec.java:138)
at org.openqa.selenium.remote.codec.w3c.W3CHttpResponseCodec.decode(W3CHttpResponseCodec.java:50)
at org.openqa.selenium.remote.HttpCommandExecutor.execute(HttpCommandExecutor.java:190)
at org.openqa.selenium.remote.service.DriverCommandExecutor.invokeExecute(DriverCommandExecutor.java:216)
at org.openqa.selenium.remote.service.DriverCommandExecutor.execute(DriverCommandExecutor.java:174)
at org.openqa.selenium.remote.RemoteWebDriver.execute(RemoteWebDriver.java:518)
at org.openqa.selenium.remote.RemoteWebDriver.executeScript(RemoteWebDriver.java:463)
at pages.ActionsPage.adjustSliderRange(ActionsPage.java:48)
at tests.ActionsTest.verifyActions(ActionsTest.java:20)
at java.base/jdk.internal.reflect.DirectMethodHandleAccessor.invoke(DirectMethodHandleAccessor.java:103)
at java.base/java.lang.reflect.Method.invoke(Method.java:580)
at org.testng.internal.invokers.MethodInvocationHelper.invokeMethod(MethodInvocationHelper.java:141)
at org.testng.internal.invokers.TestInvoker.invokeMethod(TestInvoker.java:686)
at org.testng.internal.invokers.TestInvoker.invokeTestMethod(TestInvoker.java:230)
at org.testng.internal.invokers.MethodRunner.runInSequence(MethodRunner.java:63)
at org.testng.internal.invokers.TestInvoker$MethodInvocationAgent.invoke(TestInvoker.java:992)
at org.testng.internal.invokers.TestInvoker.invokeTestMethods(TestInvoker.java:203)
at org.testng.internal.invokers.TestMethodWorker.invokeTestMethods(TestMethodWorker.java:154)
at org.testng.internal.invokers.TestMethodWorker.run(TestMethodWorker.java:134)
at java.base/java.util.ArrayList.forEach(ArrayList.java:1596)
at org.testng.TestRunner.privateRun(TestRunner.java:739)
at org.testng.TestRunner.run(TestRunner.java:614)
at org.testng.SuiteRunner.runTest(SuiteRunner.java:421)
at org.testng.SuiteRunner.runSequentially(SuiteRunner.java:413)
at org.testng.SuiteRunner.privateRun(SuiteRunner.java:373)
at org.testng.SuiteRunner.run(SuiteRunner.java:312)
at org.testng.SuiteRunnerWorker.runSuite(SuiteRunnerWorker.java:52)
at org.testng.SuiteRunnerWorker.run(SuiteRunnerWorker.java:95)
at org.testng.TestNG.runSuitesSequentially(TestNG.java:1274)
at org.testng.TestNG.runSuitesLocally(TestNG.java:1208)
at org.testng.TestNG.runSuites(TestNG.java:1112)
at org.testng.TestNG.run(TestNG.java:1079)
at org.testng.remote.AbstractRemoteTestNG.run(AbstractRemoteTestNG.java:115)
at org.testng.remote.RemoteTestNG.initAndRun(RemoteTestNG.java:293)
at org.testng.remote.RemoteTestNG.main(RemoteTestNG.java:91)
]]>
            </full-stacktrace>
          </exception> <!-- org.openqa.selenium.JavascriptException -->
          <reporter-output>
          </reporter-output>
        </test-method> <!-- verifyActions -->
        <test-method is-config="true" signature="tearDown()[pri:0, instance:tests.ActionsTest@2aceadd4]" started-at="2026-06-10T16:25:24 IST" name="tearDown" finished-at="2026-06-10T16:25:30 IST" duration-ms="6001" status="PASS">
          <reporter-output>
          </reporter-output>
        </test-method> <!-- tearDown -->
      </class> <!-- tests.ActionsTest -->
      <class name="tests.WindowTest">
        <test-method is-config="true" signature="setup()[pri:0, instance:tests.WindowTest@24aed80c]" started-at="2026-06-10T16:25:30 IST" name="setup" finished-at="2026-06-10T16:25:38 IST" duration-ms="8329" status="PASS">
          <reporter-output>
          </reporter-output>
        </test-method> <!-- setup -->
        <test-method signature="verifyWindowHandling()[pri:0, instance:tests.WindowTest@24aed80c]" started-at="2026-06-10T16:25:38 IST" name="verifyWindowHandling" finished-at="2026-06-10T16:25:53 IST" duration-ms="15603" status="PASS">
          <reporter-output>
          </reporter-output>
        </test-method> <!-- verifyWindowHandling -->
        <test-method is-config="true" signature="tearDown()[pri:0, instance:tests.WindowTest@24aed80c]" started-at="2026-06-10T16:25:53 IST" name="tearDown" finished-at="2026-06-10T16:25:58 IST" duration-ms="4708" status="PASS">
          <reporter-output>
          </reporter-output>
        </test-method> <!-- tearDown -->
      </class> <!-- tests.WindowTest -->
      <class name="tests.AlertTest">
        <test-method is-config="true" signature="setup()[pri:0, instance:tests.AlertTest@5dda768f]" started-at="2026-06-10T16:23:56 IST" name="setup" finished-at="2026-06-10T16:24:12 IST" duration-ms="16416" status="PASS">
          <reporter-output>
          </reporter-output>
        </test-method> <!-- setup -->
        <test-method signature="verifyAlert()[pri:0, instance:tests.AlertTest@5dda768f]" started-at="2026-06-10T16:24:12 IST" name="verifyAlert" finished-at="2026-06-10T16:24:15 IST" duration-ms="3144" status="PASS">
          <reporter-output>
          </reporter-output>
        </test-method> <!-- verifyAlert -->
        <test-method is-config="true" signature="tearDown()[pri:0, instance:tests.AlertTest@5dda768f]" started-at="2026-06-10T16:24:15 IST" name="tearDown" finished-at="2026-06-10T16:24:25 IST" duration-ms="9219" status="PASS">
          <reporter-output>
          </reporter-output>
        </test-method> <!-- tearDown -->
      </class> <!-- tests.AlertTest -->
      <class name="tests.FormTest">
        <test-method is-config="true" signature="setup()[pri:0, instance:tests.FormTest@2d1ef81a]" started-at="2026-06-10T16:22:49 IST" name="setup" finished-at="2026-06-10T16:23:32 IST" duration-ms="42493" status="PASS">
          <reporter-output>
          </reporter-output>
        </test-method> <!-- setup -->
        <test-method signature="verifyFormSubmission()[pri:0, instance:tests.FormTest@2d1ef81a]" started-at="2026-06-10T16:23:32 IST" name="verifyFormSubmission" finished-at="2026-06-10T16:23:35 IST" duration-ms="2957" status="PASS">
          <reporter-output>
          </reporter-output>
        </test-method> <!-- verifyFormSubmission -->
        <test-method is-config="true" signature="tearDown()[pri:0, instance:tests.FormTest@2d1ef81a]" started-at="2026-06-10T16:23:35 IST" name="tearDown" finished-at="2026-06-10T16:23:38 IST" duration-ms="3339" status="PASS">
          <reporter-output>
          </reporter-output>
        </test-method> <!-- tearDown -->
      </class> <!-- tests.FormTest -->
      <class name="tests.DatePickerTest">
        <test-method is-config="true" signature="setup()[pri:0, instance:tests.DatePickerTest@1ce24091]" started-at="2026-06-10T16:23:38 IST" name="setup" finished-at="2026-06-10T16:23:51 IST" duration-ms="12960" status="PASS">
          <reporter-output>
          </reporter-output>
        </test-method> <!-- setup -->
        <test-method signature="verifyDatePicker()[pri:0, instance:tests.DatePickerTest@1ce24091]" started-at="2026-06-10T16:23:51 IST" name="verifyDatePicker" finished-at="2026-06-10T16:23:52 IST" duration-ms="839" status="PASS">
          <reporter-output>
          </reporter-output>
        </test-method> <!-- verifyDatePicker -->
        <test-method is-config="true" signature="tearDown()[pri:0, instance:tests.DatePickerTest@1ce24091]" started-at="2026-06-10T16:23:52 IST" name="tearDown" finished-at="2026-06-10T16:23:56 IST" duration-ms="3913" status="PASS">
          <reporter-output>
          </reporter-output>
        </test-method> <!-- tearDown -->
      </class> <!-- tests.DatePickerTest -->
    </test> <!-- AllTests -->
  </suite> <!-- CompleteAutomationSuite -->
</testng-results>
