<?xml version="1.0" encoding="UTF-8"?>
<testng-results ignored="0" total="2" passed="2" failed="0" skipped="0">
  <reporter-output>
  </reporter-output>
  <suite started-at="2026-05-23T13:29:28 IST" name="Cross Browser Suite" finished-at="2026-05-23T13:30:17 IST" duration-ms="48999">
    <groups>
    </groups>
    <test started-at="2026-05-23T13:29:28 IST" name="ChromeTest" finished-at="2026-05-23T13:29:58 IST" duration-ms="30496">
      <class name="sdet_selenium_day_27.CrossBrowserTest">
        <test-method is-config="true" signature="setup(java.lang.String)[pri:0, instance:sdet_selenium_day_27.CrossBrowserTest@198b6731]" started-at="2026-05-23T13:29:28 IST" name="setup" finished-at="2026-05-23T13:29:48 IST" duration-ms="19724" status="PASS">
          <params>
            <param index="0">
              <value>
                <![CDATA[chrome]]>
              </value>
            </param>
          </params>
          <reporter-output>
          </reporter-output>
        </test-method> <!-- setup -->
        <test-method signature="verifyLogin()[pri:0, instance:sdet_selenium_day_27.CrossBrowserTest@198b6731]" started-at="2026-05-23T13:29:48 IST" name="verifyLogin" finished-at="2026-05-23T13:29:55 IST" duration-ms="6558" status="PASS">
          <reporter-output>
          </reporter-output>
        </test-method> <!-- verifyLogin -->
        <test-method is-config="true" signature="teardown()[pri:0, instance:sdet_selenium_day_27.CrossBrowserTest@198b6731]" started-at="2026-05-23T13:29:55 IST" name="teardown" finished-at="2026-05-23T13:29:58 IST" duration-ms="3643" status="PASS">
          <reporter-output>
          </reporter-output>
        </test-method> <!-- teardown -->
      </class> <!-- sdet_selenium_day_27.CrossBrowserTest -->
    </test> <!-- ChromeTest -->
    <test started-at="2026-05-23T13:29:28 IST" name="FirefoxTest" finished-at="2026-05-23T13:30:17 IST" duration-ms="48992">
      <class name="sdet_selenium_day_27.CrossBrowserTest">
        <test-method is-config="true" signature="setup(java.lang.String)[pri:0, instance:sdet_selenium_day_27.CrossBrowserTest@305b7c14]" started-at="2026-05-23T13:29:28 IST" name="setup" finished-at="2026-05-23T13:30:04 IST" duration-ms="36357" status="PASS">
          <params>
            <param index="0">
              <value>
                <![CDATA[firefox]]>
              </value>
            </param>
          </params>
          <reporter-output>
          </reporter-output>
        </test-method> <!-- setup -->
        <test-method signature="verifyLogin()[pri:0, instance:sdet_selenium_day_27.CrossBrowserTest@305b7c14]" started-at="2026-05-23T13:30:04 IST" name="verifyLogin" finished-at="2026-05-23T13:30:10 IST" duration-ms="5701" status="PASS">
          <reporter-output>
          </reporter-output>
        </test-method> <!-- verifyLogin -->
        <test-method is-config="true" signature="teardown()[pri:0, instance:sdet_selenium_day_27.CrossBrowserTest@305b7c14]" started-at="2026-05-23T13:30:10 IST" name="teardown" finished-at="2026-05-23T13:30:17 IST" duration-ms="6856" status="PASS">
          <reporter-output>
          </reporter-output>
        </test-method> <!-- teardown -->
      </class> <!-- sdet_selenium_day_27.CrossBrowserTest -->
    </test> <!-- FirefoxTest -->
  </suite> <!-- Cross Browser Suite -->
</testng-results>
