<?xml version="1.0" encoding="UTF-8"?>
<testng-results ignored="0" total="12" passed="11" failed="1" skipped="0">
  <reporter-output>
  </reporter-output>
  <suite started-at="2026-06-11T15:40:03 IST" name="GUI Suite" finished-at="2026-06-11T15:43:01 IST" duration-ms="177728">
    <groups>
    </groups>
    <test started-at="2026-06-11T15:40:03 IST" name="GUI Tests" finished-at="2026-06-11T15:43:01 IST" duration-ms="177728">
      <class name="tests.GUIElementsTest">
        <test-method is-config="true" signature="setup()[pri:0, instance:tests.GUIElementsTest@7fcbe147]" started-at="2026-06-11T15:40:04 IST" name="setup" finished-at="2026-06-11T15:40:50 IST" duration-ms="46434" status="PASS">
          <reporter-output>
          </reporter-output>
        </test-method> <!-- setup -->
        <test-method signature="verifyGUIElements()[pri:1, instance:tests.GUIElementsTest@7fcbe147]" started-at="2026-06-11T15:40:50 IST" name="verifyGUIElements" finished-at="2026-06-11T15:41:15 IST" duration-ms="25336" status="PASS">
          <reporter-output>
          </reporter-output>
        </test-method> <!-- verifyGUIElements -->
        <test-method signature="verifyDatePickers()[pri:2, instance:tests.GUIElementsTest@7fcbe147]" started-at="2026-06-11T15:41:16 IST" name="verifyDatePickers" finished-at="2026-06-11T15:41:27 IST" duration-ms="11011" status="PASS">
          <reporter-output>
          </reporter-output>
        </test-method> <!-- verifyDatePickers -->
        <test-method signature="verifyFileUpload()[pri:3, instance:tests.GUIElementsTest@7fcbe147]" started-at="2026-06-11T15:41:27 IST" name="verifyFileUpload" finished-at="2026-06-11T15:41:32 IST" duration-ms="5203" status="PASS">
          <reporter-output>
          </reporter-output>
        </test-method> <!-- verifyFileUpload -->
        <test-method signature="verifyPaginationTable()[pri:4, instance:tests.GUIElementsTest@7fcbe147]" started-at="2026-06-11T15:41:32 IST" name="verifyPaginationTable" finished-at="2026-06-11T15:41:39 IST" duration-ms="6174" status="PASS">
          <reporter-output>
          </reporter-output>
        </test-method> <!-- verifyPaginationTable -->
        <test-method signature="verifyWikipediaSearchTabs()[pri:5, instance:tests.GUIElementsTest@7fcbe147]" started-at="2026-06-11T15:41:39 IST" name="verifyWikipediaSearchTabs" finished-at="2026-06-11T15:41:50 IST" duration-ms="11393" status="PASS">
          <reporter-output>
          </reporter-output>
        </test-method> <!-- verifyWikipediaSearchTabs -->
        <test-method signature="verifyAlerts()[pri:6, instance:tests.GUIElementsTest@7fcbe147]" started-at="2026-06-11T15:41:50 IST" name="verifyAlerts" finished-at="2026-06-11T15:41:59 IST" duration-ms="8891" status="PASS">
          <reporter-output>
          </reporter-output>
        </test-method> <!-- verifyAlerts -->
        <test-method signature="verifyNewTab()[pri:7, instance:tests.GUIElementsTest@7fcbe147]" started-at="2026-06-11T15:41:59 IST" name="verifyNewTab" finished-at="2026-06-11T15:42:08 IST" duration-ms="9068" status="PASS">
          <reporter-output>
          </reporter-output>
        </test-method> <!-- verifyNewTab -->
        <test-method signature="verifyPopupWindows()[pri:8, instance:tests.GUIElementsTest@7fcbe147]" started-at="2026-06-11T15:42:08 IST" name="verifyPopupWindows" finished-at="2026-06-11T15:42:13 IST" duration-ms="4953" status="PASS">
          <reporter-output>
          </reporter-output>
        </test-method> <!-- verifyPopupWindows -->
        <test-method signature="verifyMouseHover()[pri:9, instance:tests.GUIElementsTest@7fcbe147]" started-at="2026-06-11T15:42:13 IST" name="verifyMouseHover" finished-at="2026-06-11T15:42:16 IST" duration-ms="2878" status="FAIL">
          <exception class="org.openqa.selenium.ElementClickInterceptedException">
            <message>
              <![CDATA[element click intercepted: Element <a href="#">...</a> is not clickable at point (75, 23). Other element would receive the click: <div class="fauxborder-left main-fauxborder-left">...</div>
  (Session info: chrome=148.0.7778.217)
Build info: version: '4.33.0', revision: '2c6aaad03a'
System info: os.name: 'Windows 10', os.arch: 'amd64', os.version: '10.0', java.version: '21.0.10'
Driver info: org.openqa.selenium.chrome.ChromeDriver
Command: [21d913e69e4ab70a3e2169c2cd878be9, clickElement {id=f.AF66C099C017DD66DD449ECCFF4F3856.d.E13CE197CB992285A4E8CB1E0A3C200E.e.779}]
Capabilities {acceptInsecureCerts: false, browserName: chrome, browserVersion: 148.0.7778.217, chrome: {chromedriverVersion: 148.0.7778.178 (d096af1c9e9..., userDataDir: C:\Users\Lenovo\AppData\Loc...}, fedcm:accounts: true, goog:chromeOptions: {debuggerAddress: localhost:65255}, goog:processID: 13564, networkConnectionEnabled: false, pageLoadStrategy: normal, platformName: windows, proxy: Proxy(), se:cdp: ws://localhost:65255/devtoo..., se:cdpVersion: 148.0.7778.217, setWindowRect: true, strictFileInteractability: false, timeouts: {implicit: 0, pageLoad: 300000, script: 30000}, unhandledPromptBehavior: dismiss and notify, webauthn:extension:credBlob: true, webauthn:extension:largeBlob: true, webauthn:extension:minPinLength: true, webauthn:extension:prf: true, webauthn:virtualAuthenticators: true}
Element: [[ChromeDriver: chrome on windows (21d913e69e4ab70a3e2169c2cd878be9)] -> xpath: //a[text()='Mobiles']]
Session ID: 21d913e69e4ab70a3e2169c2cd878be9]]>
            </message>
            <full-stacktrace>
              <![CDATA[org.openqa.selenium.ElementClickInterceptedException: element click intercepted: Element <a href="#">...</a> is not clickable at point (75, 23). Other element would receive the click: <div class="fauxborder-left main-fauxborder-left">...</div>
  (Session info: chrome=148.0.7778.217)
Build info: version: '4.33.0', revision: '2c6aaad03a'
System info: os.name: 'Windows 10', os.arch: 'amd64', os.version: '10.0', java.version: '21.0.10'
Driver info: org.openqa.selenium.chrome.ChromeDriver
Command: [21d913e69e4ab70a3e2169c2cd878be9, clickElement {id=f.AF66C099C017DD66DD449ECCFF4F3856.d.E13CE197CB992285A4E8CB1E0A3C200E.e.779}]
Capabilities {acceptInsecureCerts: false, browserName: chrome, browserVersion: 148.0.7778.217, chrome: {chromedriverVersion: 148.0.7778.178 (d096af1c9e9..., userDataDir: C:\Users\Lenovo\AppData\Loc...}, fedcm:accounts: true, goog:chromeOptions: {debuggerAddress: localhost:65255}, goog:processID: 13564, networkConnectionEnabled: false, pageLoadStrategy: normal, platformName: windows, proxy: Proxy(), se:cdp: ws://localhost:65255/devtoo..., se:cdpVersion: 148.0.7778.217, setWindowRect: true, strictFileInteractability: false, timeouts: {implicit: 0, pageLoad: 300000, script: 30000}, unhandledPromptBehavior: dismiss and notify, webauthn:extension:credBlob: true, webauthn:extension:largeBlob: true, webauthn:extension:minPinLength: true, webauthn:extension:prf: true, webauthn:virtualAuthenticators: true}
Element: [[ChromeDriver: chrome on windows (21d913e69e4ab70a3e2169c2cd878be9)] -> xpath: //a[text()='Mobiles']]
Session ID: 21d913e69e4ab70a3e2169c2cd878be9
at java.base/jdk.internal.reflect.DirectConstructorHandleAccessor.newInstance(DirectConstructorHandleAccessor.java:62)
at java.base/java.lang.reflect.Constructor.newInstanceWithCaller(Constructor.java:502)
at java.base/java.lang.reflect.Constructor.newInstance(Constructor.java:486)
at org.openqa.selenium.remote.ErrorCodec.decode(ErrorCodec.java:167)
at org.openqa.selenium.remote.codec.w3c.W3CHttpResponseCodec.decode(W3CHttpResponseCodec.java:138)
at org.openqa.selenium.remote.codec.w3c.W3CHttpResponseCodec.decode(W3CHttpResponseCodec.java:50)
at org.openqa.selenium.remote.HttpCommandExecutor.execute(HttpCommandExecutor.java:215)
at org.openqa.selenium.remote.service.DriverCommandExecutor.invokeExecute(DriverCommandExecutor.java:216)
at org.openqa.selenium.remote.service.DriverCommandExecutor.execute(DriverCommandExecutor.java:174)
at org.openqa.selenium.remote.RemoteWebDriver.execute(RemoteWebDriver.java:544)
at org.openqa.selenium.remote.RemoteWebElement.execute(RemoteWebElement.java:223)
at org.openqa.selenium.remote.RemoteWebElement.click(RemoteWebElement.java:76)
at pages.GUIPage.hoverAndSelectOption(GUIPage.java:438)
at tests.GUIElementsTest.verifyMouseHover(GUIElementsTest.java:250)
at java.base/jdk.internal.reflect.DirectMethodHandleAccessor.invoke(DirectMethodHandleAccessor.java:103)
at java.base/java.lang.reflect.Method.invoke(Method.java:580)
at org.testng.internal.invokers.MethodInvocationHelper.invokeMethod(MethodInvocationHelper.java:141)
at org.testng.internal.invokers.TestInvoker.invokeMethod(TestInvoker.java:687)
at org.testng.internal.invokers.TestInvoker.invokeTestMethod(TestInvoker.java:230)
at org.testng.internal.invokers.MethodRunner.runInSequence(MethodRunner.java:63)
at org.testng.internal.invokers.TestInvoker$MethodInvocationAgent.invoke(TestInvoker.java:995)
at org.testng.internal.invokers.TestInvoker.invokeTestMethods(TestInvoker.java:203)
at org.testng.internal.invokers.TestMethodWorker.invokeTestMethods(TestMethodWorker.java:154)
at org.testng.internal.invokers.TestMethodWorker.run(TestMethodWorker.java:134)
at java.base/java.util.ArrayList.forEach(ArrayList.java:1596)
at org.testng.TestRunner.privateRun(TestRunner.java:741)
at org.testng.TestRunner.run(TestRunner.java:616)
at org.testng.SuiteRunner.runTest(SuiteRunner.java:421)
at org.testng.SuiteRunner.runSequentially(SuiteRunner.java:413)
at org.testng.SuiteRunner.privateRun(SuiteRunner.java:373)
at org.testng.SuiteRunner.run(SuiteRunner.java:312)
at org.testng.SuiteRunnerWorker.runSuite(SuiteRunnerWorker.java:52)
at org.testng.SuiteRunnerWorker.run(SuiteRunnerWorker.java:95)
at org.testng.TestNG.runSuitesSequentially(TestNG.java:1274)
at org.testng.TestNG.runSuitesLocally(TestNG.java:1208)
at org.testng.TestNG.runSuites(TestNG.java:1112)
at org.testng.TestNG.run(TestNG.java:1079)
at org.testng.remote.AbstractRemoteTestNG.run(AbstractRemoteTestNG.java:115)
at org.testng.remote.RemoteTestNG.initAndRun(RemoteTestNG.java:293)
at org.testng.remote.RemoteTestNG.main(RemoteTestNG.java:91)
]]>
            </full-stacktrace>
          </exception> <!-- org.openqa.selenium.ElementClickInterceptedException -->
          <reporter-output>
          </reporter-output>
        </test-method> <!-- verifyMouseHover -->
        <test-method signature="verifyDoubleClick()[pri:10, instance:tests.GUIElementsTest@7fcbe147]" started-at="2026-06-11T15:42:16 IST" name="verifyDoubleClick" finished-at="2026-06-11T15:42:19 IST" duration-ms="2490" status="PASS">
          <reporter-output>
          </reporter-output>
        </test-method> <!-- verifyDoubleClick -->
        <test-method signature="verifyDragAndDrop()[pri:11, instance:tests.GUIElementsTest@7fcbe147]" started-at="2026-06-11T15:42:19 IST" name="verifyDragAndDrop" finished-at="2026-06-11T15:42:21 IST" duration-ms="2420" status="PASS">
          <reporter-output>
          </reporter-output>
        </test-method> <!-- verifyDragAndDrop -->
        <test-method signature="verifySliderDropdownAndLinks()[pri:12, instance:tests.GUIElementsTest@7fcbe147]" started-at="2026-06-11T15:42:21 IST" name="verifySliderDropdownAndLinks" finished-at="2026-06-11T15:42:56 IST" duration-ms="35121" status="PASS">
          <reporter-output>
          </reporter-output>
        </test-method> <!-- verifySliderDropdownAndLinks -->
        <test-method is-config="true" signature="tearDown()[pri:0, instance:tests.GUIElementsTest@7fcbe147]" started-at="2026-06-11T15:42:56 IST" name="tearDown" finished-at="2026-06-11T15:43:01 IST" duration-ms="4942" status="PASS">
          <reporter-output>
          </reporter-output>
        </test-method> <!-- tearDown -->
      </class> <!-- tests.GUIElementsTest -->
    </test> <!-- GUI Tests -->
  </suite> <!-- GUI Suite -->
</testng-results>
