<?xml version="1.0" encoding="UTF-8"?>
<!-- Generated by org.testng.reporters.JUnitXMLReporter -->
<testsuite ignored="0" hostname="DESKTOP-BKRAUOQ" failures="0" tests="14" name="User API Test" time="42.761" errors="0" timestamp="2026-05-25T17:51:42 IST">
  <testcase classname="sdet_selenium_day_28.GetAllUsers_Test" name="getAllUsers" time="22.417"/>
  <testcase classname="sdet_selenium_day_28.LoginUser_Test" name="loginUser" time="1.59"/>
  <testcase classname="sdet_selenium_day_28.GetCurrentUser_Test" name="getCurrentUser" time="5.54"/>
  <testcase classname="sdet_selenium_day_28.GetSingleUser_Test" name="getAllUsers" time="0.67"/>
  <testcase classname="sdet_selenium_day_28.SearchUser_Test" name="getAllUsers" time="1.247"/>
  <testcase classname="sdet_selenium_day_28.FilterUser_Test" name="getAllUsers" time="0.879"/>
  <testcase classname="sdet_selenium_day_28.LimitSkipUser_Test" name="getAllUsers" time="0.767"/>
  <testcase classname="sdet_selenium_day_28.SortOrderUser_Test" name="getAllUsers" time="0.9"/>
  <testcase classname="sdet_selenium_day_28.GetUserCartByID_Test" name="getAllUsers" time="0.627"/>
  <testcase classname="sdet_selenium_day_28.GetUserPostByID_Test" name="getAllUsers" time="0.905"/>
  <testcase classname="sdet_selenium_day_28.GetUserTodosByID_Test" name="getAllUsers" time="2.486"/>
  <testcase classname="sdet_selenium_day_28.AddNewUser_Test" name="addUser" time="1.607"/>
  <testcase classname="sdet_selenium_day_28.UpdateUser_Test" name="updateUser" time="1.638"/>
  <testcase classname="sdet_selenium_day_28.DeleteUser_Test" name="deleteUser" time="0.963"/>
</testsuite> <!-- User API Test -->
