<?xml version="1.0" encoding="UTF-8"?>
<!-- Generated by org.testng.reporters.JUnitXMLReporter -->
<testsuite ignored="0" hostname="DESKTOP-BKRAUOQ" failures="0" tests="3" name="Default test" time="38.929" errors="0" timestamp="2026-05-23T10:26:14 IST">
  <testcase classname="sdet_selenium_day_25.SauceDemoLoginTest" name="testMultipleLogins" time="4.87"/>
  <testcase classname="sdet_selenium_day_25.SauceDemoLoginTest" name="testMultipleLogins" time="1.184"/>
  <testcase classname="sdet_selenium_day_25.SauceDemoLoginTest" name="testMultipleLogins" time="2.361"/>
</testsuite> <!-- Default test -->
