<?xml version="1.0" encoding="UTF-8"?>
<!-- Generated by org.testng.reporters.JUnitXMLReporter -->
<testsuite ignored="0" hostname="DESKTOP-BKRAUOQ" failures="0" tests="5" name="Login Tests" time="133.325" errors="0" timestamp="2026-06-05T16:36:23 IST">
  <testcase classname="tests.LoginTest_csv" name="verifyLogin" time="52.193"/>
  <testcase classname="tests.LoginTest_csv" name="verifyLogin" time="10.17"/>
  <testcase classname="tests.LoginTest_csv" name="verifyLogin" time="10.728"/>
  <testcase classname="tests.LoginTest_csv" name="verifyLogin" time="9.243"/>
  <testcase classname="tests.LoginTest_csv" name="verifyLogin" time="7.421"/>
</testsuite> <!-- Login Tests -->
