<?xml version="1.0" encoding="UTF-8"?>
<!-- Generated by org.testng.reporters.JUnitXMLReporter -->
<testsuite ignored="0" hostname="DESKTOP-BKRAUOQ" failures="1" tests="12" name="GUI Tests" time="177.728" errors="0" timestamp="2026-06-11T15:43:01 IST">
  <testcase classname="tests.GUIElementsTest" name="verifyGUIElements" time="25.336"/>
  <testcase classname="tests.GUIElementsTest" name="verifyDatePickers" time="11.011"/>
  <testcase classname="tests.GUIElementsTest" name="verifyFileUpload" time="5.203"/>
  <testcase classname="tests.GUIElementsTest" name="verifyPaginationTable" time="6.174"/>
  <testcase classname="tests.GUIElementsTest" name="verifyWikipediaSearchTabs" time="11.393"/>
  <testcase classname="tests.GUIElementsTest" name="verifyAlerts" time="8.891"/>
  <testcase classname="tests.GUIElementsTest" name="verifyNewTab" time="9.068"/>
  <testcase classname="tests.GUIElementsTest" name="verifyPopupWindows" time="4.953"/>
  <testcase classname="tests.GUIElementsTest" name="verifyMouseHover" time="2.878">
    <failure type="org.openqa.selenium.ElementClickInterceptedException" message="element click intercepted: Element &amp;lt;a href=&amp;quot;#&amp;quot;&amp;gt;...&amp;lt;/a&amp;gt; is not clickable at point (75, 23). Other element would receive the click: &amp;lt;div class=&amp;quot;fauxborder-left main-fauxborder-left&amp;quot;&amp;gt;...&amp;lt;/div&amp;gt;
  (Session info: chrome=148.0.7778.217)
Build info: version: &amp;apos;4.33.0&amp;apos;, revision: &amp;apos;2c6aaad03a&amp;apos;
System info: os.name: &amp;apos;Windows 10&amp;apos;, os.arch: &amp;apos;amd64&amp;apos;, os.version: &amp;apos;10.0&amp;apos;, java.version: &amp;apos;21.0.10&amp;apos;
Driver info: org.openqa.selenium.chrome.ChromeDriver
Command: [21d913e69e4ab70a3e2169c2cd878be9, clickElement {id=f.AF66C099C017DD66DD449ECCFF4F3856.d.E13CE197CB992285A4E8CB1E0A3C200E.e.779}]
Capabilities {acceptInsecureCerts: false, browserName: chrome, browserVersion: 148.0.7778.217, chrome: {chromedriverVersion: 148.0.7778.178 (d096af1c9e9..., userDataDir: C:\Users\Lenovo\AppData\Loc...}, fedcm:accounts: true, goog:chromeOptions: {debuggerAddress: localhost:65255}, goog:processID: 13564, networkConnectionEnabled: false, pageLoadStrategy: normal, platformName: windows, proxy: Proxy(), se:cdp: ws://localhost:65255/devtoo..., se:cdpVersion: 148.0.7778.217, setWindowRect: true, strictFileInteractability: false, timeouts: {implicit: 0, pageLoad: 300000, script: 30000}, unhandledPromptBehavior: dismiss and notify, webauthn:extension:credBlob: true, webauthn:extension:largeBlob: true, webauthn:extension:minPinLength: true, webauthn:extension:prf: true, webauthn:virtualAuthenticators: true}
Element: [[ChromeDriver: chrome on windows (21d913e69e4ab70a3e2169c2cd878be9)] -&amp;gt; xpath: //a[text()=&amp;apos;Mobiles&amp;apos;]]
Session ID: 21d913e69e4ab70a3e2169c2cd878be9">
      <![CDATA[org.openqa.selenium.ElementClickInterceptedException: element click intercepted: Element <a href="#">...</a> is not clickable at point (75, 23). Other element would receive the click: <div class="fauxborder-left main-fauxborder-left">...</div>
  (Session info: chrome=148.0.7778.217)
Build info: version: '4.33.0', revision: '2c6aaad03a'
System info: os.name: 'Windows 10', os.arch: 'amd64', os.version: '10.0', java.version: '21.0.10'
Driver info: org.openqa.selenium.chrome.ChromeDriver
Command: [21d913e69e4ab70a3e2169c2cd878be9, clickElement {id=f.AF66C099C017DD66DD449ECCFF4F3856.d.E13CE197CB992285A4E8CB1E0A3C200E.e.779}]
Capabilities {acceptInsecureCerts: false, browserName: chrome, browserVersion: 148.0.7778.217, chrome: {chromedriverVersion: 148.0.7778.178 (d096af1c9e9..., userDataDir: C:\Users\Lenovo\AppData\Loc...}, fedcm:accounts: true, goog:chromeOptions: {debuggerAddress: localhost:65255}, goog:processID: 13564, networkConnectionEnabled: false, pageLoadStrategy: normal, platformName: windows, proxy: Proxy(), se:cdp: ws://localhost:65255/devtoo..., se:cdpVersion: 148.0.7778.217, setWindowRect: true, strictFileInteractability: false, timeouts: {implicit: 0, pageLoad: 300000, script: 30000}, unhandledPromptBehavior: dismiss and notify, webauthn:extension:credBlob: true, webauthn:extension:largeBlob: true, webauthn:extension:minPinLength: true, webauthn:extension:prf: true, webauthn:virtualAuthenticators: true}
Element: [[ChromeDriver: chrome on windows (21d913e69e4ab70a3e2169c2cd878be9)] -> xpath: //a[text()='Mobiles']]
Session ID: 21d913e69e4ab70a3e2169c2cd878be9
at org.openqa.selenium.remote.ErrorCodec.decode(ErrorCodec.java:167)
at org.openqa.selenium.remote.codec.w3c.W3CHttpResponseCodec.decode(W3CHttpResponseCodec.java:138)
at org.openqa.selenium.remote.codec.w3c.W3CHttpResponseCodec.decode(W3CHttpResponseCodec.java:50)
at org.openqa.selenium.remote.HttpCommandExecutor.execute(HttpCommandExecutor.java:215)
at org.openqa.selenium.remote.service.DriverCommandExecutor.invokeExecute(DriverCommandExecutor.java:216)
at org.openqa.selenium.remote.service.DriverCommandExecutor.execute(DriverCommandExecutor.java:174)
at org.openqa.selenium.remote.RemoteWebDriver.execute(RemoteWebDriver.java:544)
at org.openqa.selenium.remote.RemoteWebElement.execute(RemoteWebElement.java:223)
at org.openqa.selenium.remote.RemoteWebElement.click(RemoteWebElement.java:76)
at pages.GUIPage.hoverAndSelectOption(GUIPage.java:438)
at tests.GUIElementsTest.verifyMouseHover(GUIElementsTest.java:250)
at java.base/java.util.ArrayList.forEach(ArrayList.java:1596)
... Removed 28 stack frames]]>
    </failure>
  </testcase> <!-- verifyMouseHover -->
  <testcase classname="tests.GUIElementsTest" name="verifyDoubleClick" time="2.49"/>
  <testcase classname="tests.GUIElementsTest" name="verifyDragAndDrop" time="2.42"/>
  <testcase classname="tests.GUIElementsTest" name="verifySliderDropdownAndLinks" time="35.121"/>
</testsuite> <!-- GUI Tests -->
