<?xml version="1.0" encoding="UTF-8"?>
<!-- Generated by org.testng.reporters.JUnitReportReporter -->
<testsuite hostname="DESKTOP-BKRAUOQ" failures="0" tests="3" name="sdet_selenium_day_25.SauceDemoLoginTest" time="38.719" errors="0" timestamp="2026-05-23T10:26:15 IST" skipped="0">
  <testcase classname="sdet_selenium_day_25.SauceDemoLoginTest" name="testMultipleLogins" time="19.510"/>
  <testcase classname="sdet_selenium_day_25.SauceDemoLoginTest" name="testMultipleLogins" time="10.976"/>
  <testcase classname="sdet_selenium_day_25.SauceDemoLoginTest" name="testMultipleLogins" time="8.233"/>
</testsuite> <!-- sdet_selenium_day_25.SauceDemoLoginTest -->
