<?xml version="1.0" encoding="UTF-8"?>
<!-- Generated by org.testng.reporters.JUnitReportReporter -->
<testsuite hostname="DESKTOP-BKRAUOQ" failures="0" tests="4" name="com.automation.tests.TC10_DragAndDropTest" time="9.847" errors="0" timestamp="2026-06-08T14:07:00 IST" skipped="0">
  <testcase classname="com.automation.tests.TC10_DragAndDropTest" name="testDragAndDropActions" time="2.503"/>
  <testcase classname="com.automation.tests.TC10_DragAndDropTest" name="testDragAndDropJS" time="3.938"/>
  <testcase classname="com.automation.tests.TC10_DragAndDropTest" name="testDraggablePresent" time="3.360"/>
  <testcase classname="com.automation.tests.TC10_DragAndDropTest" name="testDroppablePresent" time="0.046"/>
</testsuite> <!-- com.automation.tests.TC10_DragAndDropTest -->
