<?xml version="1.0" encoding="UTF-8"?>
<!-- Generated by org.testng.reporters.JUnitReportReporter -->
<testsuite hostname="DESKTOP-BKRAUOQ" failures="0" tests="14" name="com.automation.tests.TC01_FormElementsTest" time="7.214" errors="0" timestamp="2026-06-08T14:07:01 IST" skipped="0">
  <testcase classname="com.automation.tests.TC01_FormElementsTest" name="testNameField" time="2.350"/>
  <testcase classname="com.automation.tests.TC01_FormElementsTest" name="testEmailField" time="0.300"/>
  <testcase classname="com.automation.tests.TC01_FormElementsTest" name="testPhoneField" time="0.343"/>
  <testcase classname="com.automation.tests.TC01_FormElementsTest" name="testAddressField" time="0.376"/>
  <testcase classname="com.automation.tests.TC01_FormElementsTest" name="testSelectMaleRadio" time="0.342"/>
  <testcase classname="com.automation.tests.TC01_FormElementsTest" name="testSelectFemaleRadio" time="0.269"/>
  <testcase classname="com.automation.tests.TC01_FormElementsTest" name="testSundayCheckbox" time="0.277"/>
  <testcase classname="com.automation.tests.TC01_FormElementsTest" name="testMondayCheckbox" time="0.244"/>
  <testcase classname="com.automation.tests.TC01_FormElementsTest" name="testWednesdayCheckbox" time="0.254"/>
  <testcase classname="com.automation.tests.TC01_FormElementsTest" name="testFridayCheckbox" time="0.235"/>
  <testcase classname="com.automation.tests.TC01_FormElementsTest" name="testSelectAllDays" time="0.952"/>
  <testcase classname="com.automation.tests.TC01_FormElementsTest" name="testCountryDropdown" time="0.545"/>
  <testcase classname="com.automation.tests.TC01_FormElementsTest" name="testColorsDropdown" time="0.252"/>
  <testcase classname="com.automation.tests.TC01_FormElementsTest" name="testSortedListDropdown" time="0.475"/>
</testsuite> <!-- com.automation.tests.TC01_FormElementsTest -->
