<?xml version="1.0" encoding="UTF-8"?>
<!-- Generated by org.testng.reporters.JUnitReportReporter -->
<testsuite hostname="DESKTOP-BKRAUOQ" failures="0" tests="11" name="com.automation.tests.TC13_LabelsLinksTest" time="0.895" errors="0" timestamp="2026-06-08T14:07:00 IST" skipped="0">
  <testcase classname="com.automation.tests.TC13_LabelsLinksTest" name="testMobileLabelsHeading" time="0.089"/>
  <testcase classname="com.automation.tests.TC13_LabelsLinksTest" name="testSamsungLabel" time="0.115"/>
  <testcase classname="com.automation.tests.TC13_LabelsLinksTest" name="testRealMeLabel" time="0.048"/>
  <testcase classname="com.automation.tests.TC13_LabelsLinksTest" name="testMotoLabel" time="0.033"/>
  <testcase classname="com.automation.tests.TC13_LabelsLinksTest" name="testAppleLink" time="0.134"/>
  <testcase classname="com.automation.tests.TC13_LabelsLinksTest" name="testLenovoLink" time="0.080"/>
  <testcase classname="com.automation.tests.TC13_LabelsLinksTest" name="testDellLink" time="0.119"/>
  <testcase classname="com.automation.tests.TC13_LabelsLinksTest" name="testBrokenLinksHeading" time="0.056"/>
  <testcase classname="com.automation.tests.TC13_LabelsLinksTest" name="testBrokenLinksCount" time="0.033"/>
  <testcase classname="com.automation.tests.TC13_LabelsLinksTest" name="testErrorcode400Link" time="0.103"/>
  <testcase classname="com.automation.tests.TC13_LabelsLinksTest" name="testErrorcode404Link" time="0.085"/>
</testsuite> <!-- com.automation.tests.TC13_LabelsLinksTest -->
