<?xml version="1.0" encoding="UTF-8"?>
<!-- Generated by org.testng.reporters.JUnitReportReporter -->
<testsuite hostname="DESKTOP-BKRAUOQ" failures="0" tests="3" name="com.automation.tests.TC06_PaginationTableTest" time="10.215" errors="0" timestamp="2026-06-08T14:07:00 IST" skipped="0">
  <testcase classname="com.automation.tests.TC06_PaginationTableTest" name="testPaginationHeadingPresent" time="0.103"/>
  <testcase classname="com.automation.tests.TC06_PaginationTableTest" name="testPaginationTableHeaders" time="10.082"/>
  <testcase classname="com.automation.tests.TC06_PaginationTableTest" name="testPaginationContainerExists" time="0.030"/>
</testsuite> <!-- com.automation.tests.TC06_PaginationTableTest -->
