<?xml version="1.0" encoding="UTF-8"?>
<!-- Generated by org.testng.reporters.JUnitReportReporter -->
<testsuite hostname="DESKTOP-BKRAUOQ" failures="0" tests="6" name="com.automation.tests.TC07_AlertsTest" time="25.072" errors="0" timestamp="2026-06-08T14:07:01 IST" skipped="0">
  <testcase classname="com.automation.tests.TC07_AlertsTest" name="testSimpleAlert" time="0.347"/>
  <testcase classname="com.automation.tests.TC07_AlertsTest" name="testConfirmationAlertAccept" time="3.668"/>
  <testcase classname="com.automation.tests.TC07_AlertsTest" name="testConfirmationAlertDismiss" time="3.488"/>
  <testcase classname="com.automation.tests.TC07_AlertsTest" name="testPromptAlert" time="3.998"/>
  <testcase classname="com.automation.tests.TC07_AlertsTest" name="testNewTab" time="8.220"/>
  <testcase classname="com.automation.tests.TC07_AlertsTest" name="testPopupWindow" time="5.351"/>
</testsuite> <!-- com.automation.tests.TC07_AlertsTest -->
