<?xml version="1.0" encoding="UTF-8"?>
<!-- Generated by org.testng.reporters.JUnitReportReporter -->
<testsuite hostname="DESKTOP-BKRAUOQ" failures="0" tests="7" name="com.automation.tests.TC04_StaticTableTest" time="1.141" errors="0" timestamp="2026-06-08T14:07:01 IST" skipped="0">
  <testcase classname="com.automation.tests.TC04_StaticTableTest" name="testRowCount" time="0.067"/>
  <testcase classname="com.automation.tests.TC04_StaticTableTest" name="testTableHeaders" time="0.238"/>
  <testcase classname="com.automation.tests.TC04_StaticTableTest" name="testFirstRow" time="0.399"/>
  <testcase classname="com.automation.tests.TC04_StaticTableTest" name="testBookExists" time="0.027"/>
  <testcase classname="com.automation.tests.TC04_StaticTableTest" name="testMasterSeleniumPrice" time="0.140"/>
  <testcase classname="com.automation.tests.TC04_StaticTableTest" name="testAllPricesPositive" time="0.125"/>
  <testcase classname="com.automation.tests.TC04_StaticTableTest" name="testAllBooksExist" time="0.145"/>
</testsuite> <!-- com.automation.tests.TC04_StaticTableTest -->
