<?xml version="1.0" encoding="UTF-8"?>
<!-- Generated by org.testng.reporters.JUnitReportReporter -->
<testsuite hostname="DESKTOP-BKRAUOQ" failures="0" tests="3" name="com.automation.tests.TC05_DynamicTableTest" time="10.166" errors="0" timestamp="2026-06-08T14:07:00 IST" skipped="0">
  <testcase classname="com.automation.tests.TC05_DynamicTableTest" name="testDynamicTableHeadingPresent" time="0.107"/>
  <testcase classname="com.automation.tests.TC05_DynamicTableTest" name="testDynamicTableContainerExists" time="0.036"/>
  <testcase classname="com.automation.tests.TC05_DynamicTableTest" name="testDynamicTableContent" time="10.023"/>
</testsuite> <!-- com.automation.tests.TC05_DynamicTableTest -->
