<?xml version="1.0" encoding="UTF-8"?>
<!-- Generated by org.testng.reporters.JUnitReportReporter -->
<testsuite hostname="DESKTOP-BKRAUOQ" failures="0" tests="3" name="day_23.ParaBank_UseCase" time="34.272" errors="0" timestamp="2026-05-19T17:39:25 IST" skipped="0">
  <testcase classname="day_23.ParaBank_UseCase" name="registerUser" time="18.577"/>
  <testcase classname="day_23.ParaBank_UseCase" name="fundTransfer" time="12.537"/>
  <testcase classname="day_23.ParaBank_UseCase" name="logout" time="3.158"/>
</testsuite> <!-- day_23.ParaBank_UseCase -->
