<?xml version="1.0" encoding="UTF-8"?>
<!-- Generated by org.testng.reporters.JUnitReportReporter -->
<testsuite hostname="DESKTOP-BKRAUOQ" failures="0" tests="2" name="sdet_selenium_day_27.CrossBrowserTest" time="12.259" errors="0" timestamp="2026-05-23T13:30:17 IST" skipped="0">
  <testcase classname="sdet_selenium_day_27.CrossBrowserTest" name="verifyLogin" time="6.558"/>
  <testcase classname="sdet_selenium_day_27.CrossBrowserTest" name="verifyLogin" time="5.701"/>
</testsuite> <!-- sdet_selenium_day_27.CrossBrowserTest -->
