<?xml version="1.0" encoding="UTF-8"?>
<!-- Generated by org.testng.reporters.JUnitReportReporter -->
<testsuite hostname="DESKTOP-BKRAUOQ" failures="0" tests="5" name="tests.LoginTest_csv" time="132.916" errors="0" timestamp="2026-06-05T16:36:24 IST" skipped="0">
  <testcase classname="tests.LoginTest_csv" name="verifyLogin" time="56.796"/>
  <testcase classname="tests.LoginTest_csv" name="verifyLogin" time="12.032"/>
  <testcase classname="tests.LoginTest_csv" name="verifyLogin" time="32.510"/>
  <testcase classname="tests.LoginTest_csv" name="verifyLogin" time="14.936"/>
  <testcase classname="tests.LoginTest_csv" name="verifyLogin" time="16.642"/>
</testsuite> <!-- tests.LoginTest_csv -->
