<?xml version="1.0" encoding="UTF-8"?>
<!-- Generated by org.testng.reporters.JUnitReportReporter -->
<testsuite hostname="DESKTOP-BKRAUOQ" failures="0" tests="5" name="tests.LoginTest" time="60.673" errors="0" timestamp="2026-06-05T16:12:15 IST" skipped="0">
  <testcase classname="tests.LoginTest" name="verifyLogin" time="12.446"/>
  <testcase classname="tests.LoginTest" name="verifyLogin" time="10.175"/>
  <testcase classname="tests.LoginTest" name="verifyLogin" time="10.138"/>
  <testcase classname="tests.LoginTest" name="verifyLogin" time="13.633"/>
  <testcase classname="tests.LoginTest" name="verifyLogin" time="14.281"/>
</testsuite> <!-- tests.LoginTest -->
